<?xml version="1.0" encoding="UTF-8"?>
<!-- Generated by org.testng.reporters.JUnitReportReporter -->
<testsuite hostname="LAPTOP-AU8CQ95V" name="test.NewTest" tests="1" failures="0" timestamp="27 Jul 2018 15:47:32 GMT" time="5.445" errors="0">
  <testcase name="openMyBlog" time="5.445" classname="test.NewTest"/>
</testsuite> <!-- test.NewTest -->
